<?xml version="1.0" encoding="UTF-8"?>
<testsuite xmlns:xsi="http://www.w3.org/2001/XMLSchema-instance" xsi:noNamespaceSchemaLocation="https://maven.apache.org/surefire/maven-surefire-plugin/xsd/surefire-test-report.xsd" version="3.0.2" name="dev.ropimasi.curso.algafood.AlgafoodApiApplicationTests" time="1.276" tests="1" errors="0" skipped="0" failures="0">
  <properties>
[...]
</properties>
  <testcase name="contextLoads" classname="dev.ropimasi.curso.algafood.AlgafoodApiApplicationTests" time="0.404">
    <system-out><![CDATA[17:26:38.041 [main] INFO org.springframework.test.context.support.AnnotationConfigContextLoaderUtils -- Could not detect default configuration classes for test class [dev.ropimasi.curso.algafood.AlgafoodApiApplicationTests]: AlgafoodApiApplicationTests does not declare any static, non-private, non-final, nested classes annotated with @Configuration.
17:26:38.096 [main] INFO org.springframework.boot.test.context.SpringBootTestContextBootstrapper -- Found @SpringBootConfiguration dev.ropimasi.curso.algafood.AlgafoodApiApplication for test class dev.ropimasi.curso.algafood.AlgafoodApiApplicationTests
17:26:38.159 [main] INFO org.springframework.boot.devtools.restart.RestartApplicationListener -- Restart disabled due to context in which it is running

  .   ____          _            __ _ _
 /\\ / ___'_ __ _ _(_)_ __  __ _ \ \ \ \
( ( )\___ | '_ | '_| | '_ \/ _` | \ \ \ \
 \\/  ___)| |_)| | | | | || (_| |  ) ) ) )
  '  |____| .__|_| |_|_| |_\__, | / / / /
 =========|_|==============|___/=/_/_/_/

 :: Spring Boot ::                (v3.4.8)

2025-08-14T17:26:38.311-03:00  INFO 79218 --- [ALGAFOOD_API] [           main] d.r.c.a.AlgafoodApiApplicationTests      : Starting AlgafoodApiApplicationTests using Java 17.0.12 with PID 79218 (started by habibi in /home/habibi/2_OPUS/IT/J-WS/ALGAFOOD_API)
2025-08-14T17:26:38.312-03:00  INFO 79218 --- [ALGAFOOD_API] [           main] d.r.c.a.AlgafoodApiApplicationTests      : The following 1 profile is active: "development"
constructor: MeuPrimeiroController: dev.ropimasi.curso.algafood.di.service.AtivacaoClienteService@350a94ce
DEBUG: NotificadorEmail REAL
2025-08-14T17:26:38.827-03:00  INFO 79218 --- [ALGAFOOD_API] [           main] d.r.c.a.AlgafoodApiApplicationTests      : Started AlgafoodApiApplicationTests in 0.673 seconds (process running for 1.094)
]]></system-out>
  </testcase>
</testsuite>